2025-12-31 23:38:27,343 [INFO] reply_optimizer.session_4fe0e0d6-536f-48b7-a179-9710a9700295 | mailbox:- | thread:-: Datadog initialized
2025-12-31 23:38:28,807 [INFO] reply_optimizer.session_4fe0e0d6-536f-48b7-a179-9710a9700295 | mailbox:- | thread:-: Datadog initialized
2025-12-31 23:38:37,414 [ERROR] reply_optimizer.session_4fe0e0d6-536f-48b7-a179-9710a9700295 | mailbox:someemail@gmail.com | thread:-: IMAP error
Traceback (most recent call last):
  File "/Library/Frameworks/Python.framework/Versions/3.11/lib/python3.11/asyncio/tasks.py", line 500, in wait_for
    return fut.result()
           ^^^^^^^^^^^^
  File "/Users/nykolaymelnyk/PycharmProjects/portfolio/.venv/lib/python3.11/site-packages/aioimaplib/aioimaplib.py", line 626, in wait
    await self.state_condition.wait_for(lambda: state_re.match(self.state))
  File "/Library/Frameworks/Python.framework/Versions/3.11/lib/python3.11/asyncio/locks.py", line 294, in wait_for
    await self.wait()
  File "/Library/Frameworks/Python.framework/Versions/3.11/lib/python3.11/asyncio/locks.py", line 267, in wait
    await fut
asyncio.exceptions.CancelledError

The above exception was the direct cause of the following exception:

Traceback (most recent call last):
  File "/Users/nykolaymelnyk/PycharmProjects/portfolio/ReplyOptimizer/worker/worker.py", line 249, in imap_worker
    await client.wait_hello_from_server()
  File "/Users/nykolaymelnyk/PycharmProjects/portfolio/.venv/lib/python3.11/site-packages/aioimaplib/aioimaplib.py", line 727, in wait_hello_from_server
    await asyncio.wait_for(self.protocol.wait('AUTH|NONAUTH'), self.timeout)
  File "/Library/Frameworks/Python.framework/Versions/3.11/lib/python3.11/asyncio/tasks.py", line 502, in wait_for
    raise exceptions.TimeoutError() from exc
TimeoutError
2025-12-31 23:38:38,876 [ERROR] reply_optimizer.session_4fe0e0d6-536f-48b7-a179-9710a9700295 | mailbox:someemail@gmail.com | thread:-: IMAP error
Traceback (most recent call last):
  File "/Library/Frameworks/Python.framework/Versions/3.11/lib/python3.11/asyncio/tasks.py", line 500, in wait_for
    return fut.result()
           ^^^^^^^^^^^^
  File "/Users/nykolaymelnyk/PycharmProjects/portfolio/.venv/lib/python3.11/site-packages/aioimaplib/aioimaplib.py", line 626, in wait
    await self.state_condition.wait_for(lambda: state_re.match(self.state))
  File "/Library/Frameworks/Python.framework/Versions/3.11/lib/python3.11/asyncio/locks.py", line 294, in wait_for
    await self.wait()
  File "/Library/Frameworks/Python.framework/Versions/3.11/lib/python3.11/asyncio/locks.py", line 267, in wait
    await fut
asyncio.exceptions.CancelledError

The above exception was the direct cause of the following exception:

Traceback (most recent call last):
  File "/Users/nykolaymelnyk/PycharmProjects/portfolio/ReplyOptimizer/worker/worker.py", line 249, in imap_worker
    await client.wait_hello_from_server()
  File "/Users/nykolaymelnyk/PycharmProjects/portfolio/.venv/lib/python3.11/site-packages/aioimaplib/aioimaplib.py", line 727, in wait_hello_from_server
    await asyncio.wait_for(self.protocol.wait('AUTH|NONAUTH'), self.timeout)
  File "/Library/Frameworks/Python.framework/Versions/3.11/lib/python3.11/asyncio/tasks.py", line 502, in wait_for
    raise exceptions.TimeoutError() from exc
TimeoutError
2025-12-31 23:42:15,191 [INFO] reply_optimizer.session_4fe0e0d6-536f-48b7-a179-9710a9700295 | mailbox:- | thread:-: Datadog initialized
2025-12-31 23:42:25,212 [ERROR] reply_optimizer.session_4fe0e0d6-536f-48b7-a179-9710a9700295 | mailbox:someemail@gmail.com | thread:-: IMAP error
Traceback (most recent call last):
  File "/Library/Frameworks/Python.framework/Versions/3.11/lib/python3.11/asyncio/tasks.py", line 500, in wait_for
    return fut.result()
           ^^^^^^^^^^^^
  File "/Users/nykolaymelnyk/PycharmProjects/portfolio/.venv/lib/python3.11/site-packages/aioimaplib/aioimaplib.py", line 626, in wait
    await self.state_condition.wait_for(lambda: state_re.match(self.state))
  File "/Library/Frameworks/Python.framework/Versions/3.11/lib/python3.11/asyncio/locks.py", line 294, in wait_for
    await self.wait()
  File "/Library/Frameworks/Python.framework/Versions/3.11/lib/python3.11/asyncio/locks.py", line 267, in wait
    await fut
asyncio.exceptions.CancelledError

The above exception was the direct cause of the following exception:

Traceback (most recent call last):
  File "/Users/nykolaymelnyk/PycharmProjects/portfolio/ReplyOptimizer/worker/worker.py", line 249, in imap_worker
    await client.wait_hello_from_server()
  File "/Users/nykolaymelnyk/PycharmProjects/portfolio/.venv/lib/python3.11/site-packages/aioimaplib/aioimaplib.py", line 727, in wait_hello_from_server
    await asyncio.wait_for(self.protocol.wait('AUTH|NONAUTH'), self.timeout)
  File "/Library/Frameworks/Python.framework/Versions/3.11/lib/python3.11/asyncio/tasks.py", line 502, in wait_for
    raise exceptions.TimeoutError() from exc
TimeoutError
2025-12-31 23:42:34,051 [INFO] reply_optimizer.session_4fe0e0d6-536f-48b7-a179-9710a9700295 | mailbox:- | thread:-: Datadog initialized
2025-12-31 23:42:44,070 [ERROR] reply_optimizer.session_4fe0e0d6-536f-48b7-a179-9710a9700295 | mailbox:someemail@gmail.com | thread:-: IMAP error
Traceback (most recent call last):
  File "/Library/Frameworks/Python.framework/Versions/3.11/lib/python3.11/asyncio/tasks.py", line 500, in wait_for
    return fut.result()
           ^^^^^^^^^^^^
  File "/Users/nykolaymelnyk/PycharmProjects/portfolio/.venv/lib/python3.11/site-packages/aioimaplib/aioimaplib.py", line 626, in wait
    await self.state_condition.wait_for(lambda: state_re.match(self.state))
  File "/Library/Frameworks/Python.framework/Versions/3.11/lib/python3.11/asyncio/locks.py", line 294, in wait_for
    await self.wait()
  File "/Library/Frameworks/Python.framework/Versions/3.11/lib/python3.11/asyncio/locks.py", line 267, in wait
    await fut
asyncio.exceptions.CancelledError

The above exception was the direct cause of the following exception:

Traceback (most recent call last):
  File "/Users/nykolaymelnyk/PycharmProjects/portfolio/ReplyOptimizer/worker/worker.py", line 249, in imap_worker
    await client.wait_hello_from_server()
  File "/Users/nykolaymelnyk/PycharmProjects/portfolio/.venv/lib/python3.11/site-packages/aioimaplib/aioimaplib.py", line 727, in wait_hello_from_server
    await asyncio.wait_for(self.protocol.wait('AUTH|NONAUTH'), self.timeout)
  File "/Library/Frameworks/Python.framework/Versions/3.11/lib/python3.11/asyncio/tasks.py", line 502, in wait_for
    raise exceptions.TimeoutError() from exc
TimeoutError
2025-12-31 23:42:48,580 [INFO] reply_optimizer.session_4fe0e0d6-536f-48b7-a179-9710a9700295 | mailbox:- | thread:-: Datadog initialized
2025-12-31 23:42:58,600 [ERROR] reply_optimizer.session_4fe0e0d6-536f-48b7-a179-9710a9700295 | mailbox:somemail2@gmail.com | thread:-: IMAP error
Traceback (most recent call last):
  File "/Library/Frameworks/Python.framework/Versions/3.11/lib/python3.11/asyncio/tasks.py", line 500, in wait_for
    return fut.result()
           ^^^^^^^^^^^^
  File "/Users/nykolaymelnyk/PycharmProjects/portfolio/.venv/lib/python3.11/site-packages/aioimaplib/aioimaplib.py", line 626, in wait
    await self.state_condition.wait_for(lambda: state_re.match(self.state))
  File "/Library/Frameworks/Python.framework/Versions/3.11/lib/python3.11/asyncio/locks.py", line 294, in wait_for
    await self.wait()
  File "/Library/Frameworks/Python.framework/Versions/3.11/lib/python3.11/asyncio/locks.py", line 267, in wait
    await fut
asyncio.exceptions.CancelledError

The above exception was the direct cause of the following exception:

Traceback (most recent call last):
  File "/Users/nykolaymelnyk/PycharmProjects/portfolio/ReplyOptimizer/worker/worker.py", line 249, in imap_worker
    await client.wait_hello_from_server()
  File "/Users/nykolaymelnyk/PycharmProjects/portfolio/.venv/lib/python3.11/site-packages/aioimaplib/aioimaplib.py", line 727, in wait_hello_from_server
    await asyncio.wait_for(self.protocol.wait('AUTH|NONAUTH'), self.timeout)
  File "/Library/Frameworks/Python.framework/Versions/3.11/lib/python3.11/asyncio/tasks.py", line 502, in wait_for
    raise exceptions.TimeoutError() from exc
TimeoutError
2025-12-31 23:43:06,995 [INFO] reply_optimizer.session_4fe0e0d6-536f-48b7-a179-9710a9700295 | mailbox:- | thread:-: Datadog initialized
2025-12-31 23:43:18,054 [INFO] reply_optimizer.session_4fe0e0d6-536f-48b7-a179-9710a9700295 | mailbox:- | thread:-: Datadog initialized
2025-12-31 23:43:19,888 [INFO] reply_optimizer.session_4fe0e0d6-536f-48b7-a179-9710a9700295 | mailbox:- | thread:-: Datadog initialized
2025-12-31 23:43:28,075 [ERROR] reply_optimizer.session_4fe0e0d6-536f-48b7-a179-9710a9700295 | mailbox:somemail2@gmail.com | thread:-: IMAP error
Traceback (most recent call last):
  File "/Library/Frameworks/Python.framework/Versions/3.11/lib/python3.11/asyncio/tasks.py", line 500, in wait_for
    return fut.result()
           ^^^^^^^^^^^^
  File "/Users/nykolaymelnyk/PycharmProjects/portfolio/.venv/lib/python3.11/site-packages/aioimaplib/aioimaplib.py", line 626, in wait
    await self.state_condition.wait_for(lambda: state_re.match(self.state))
  File "/Library/Frameworks/Python.framework/Versions/3.11/lib/python3.11/asyncio/locks.py", line 294, in wait_for
    await self.wait()
  File "/Library/Frameworks/Python.framework/Versions/3.11/lib/python3.11/asyncio/locks.py", line 267, in wait
    await fut
asyncio.exceptions.CancelledError

The above exception was the direct cause of the following exception:

Traceback (most recent call last):
  File "/Users/nykolaymelnyk/PycharmProjects/portfolio/ReplyOptimizer/worker/worker.py", line 249, in imap_worker
    await client.wait_hello_from_server()
  File "/Users/nykolaymelnyk/PycharmProjects/portfolio/.venv/lib/python3.11/site-packages/aioimaplib/aioimaplib.py", line 727, in wait_hello_from_server
    await asyncio.wait_for(self.protocol.wait('AUTH|NONAUTH'), self.timeout)
  File "/Library/Frameworks/Python.framework/Versions/3.11/lib/python3.11/asyncio/tasks.py", line 502, in wait_for
    raise exceptions.TimeoutError() from exc
TimeoutError
2025-12-31 23:43:29,912 [ERROR] reply_optimizer.session_4fe0e0d6-536f-48b7-a179-9710a9700295 | mailbox:somemail2@gmail.com | thread:-: IMAP error
Traceback (most recent call last):
  File "/Library/Frameworks/Python.framework/Versions/3.11/lib/python3.11/asyncio/tasks.py", line 500, in wait_for
    return fut.result()
           ^^^^^^^^^^^^
  File "/Users/nykolaymelnyk/PycharmProjects/portfolio/.venv/lib/python3.11/site-packages/aioimaplib/aioimaplib.py", line 626, in wait
    await self.state_condition.wait_for(lambda: state_re.match(self.state))
  File "/Library/Frameworks/Python.framework/Versions/3.11/lib/python3.11/asyncio/locks.py", line 294, in wait_for
    await self.wait()
  File "/Library/Frameworks/Python.framework/Versions/3.11/lib/python3.11/asyncio/locks.py", line 267, in wait
    await fut
asyncio.exceptions.CancelledError

The above exception was the direct cause of the following exception:

Traceback (most recent call last):
  File "/Users/nykolaymelnyk/PycharmProjects/portfolio/ReplyOptimizer/worker/worker.py", line 249, in imap_worker
    await client.wait_hello_from_server()
  File "/Users/nykolaymelnyk/PycharmProjects/portfolio/.venv/lib/python3.11/site-packages/aioimaplib/aioimaplib.py", line 727, in wait_hello_from_server
    await asyncio.wait_for(self.protocol.wait('AUTH|NONAUTH'), self.timeout)
  File "/Library/Frameworks/Python.framework/Versions/3.11/lib/python3.11/asyncio/tasks.py", line 502, in wait_for
    raise exceptions.TimeoutError() from exc
TimeoutError
2025-12-31 23:44:11,933 [INFO] reply_optimizer.session_4fe0e0d6-536f-48b7-a179-9710a9700295 | mailbox:- | thread:-: Datadog initialized
2025-12-31 23:44:21,955 [ERROR] reply_optimizer.session_4fe0e0d6-536f-48b7-a179-9710a9700295 | mailbox:someemail@gmail.com | thread:-: IMAP error
Traceback (most recent call last):
  File "/Library/Frameworks/Python.framework/Versions/3.11/lib/python3.11/asyncio/tasks.py", line 500, in wait_for
    return fut.result()
           ^^^^^^^^^^^^
  File "/Users/nykolaymelnyk/PycharmProjects/portfolio/.venv/lib/python3.11/site-packages/aioimaplib/aioimaplib.py", line 626, in wait
    await self.state_condition.wait_for(lambda: state_re.match(self.state))
  File "/Library/Frameworks/Python.framework/Versions/3.11/lib/python3.11/asyncio/locks.py", line 294, in wait_for
    await self.wait()
  File "/Library/Frameworks/Python.framework/Versions/3.11/lib/python3.11/asyncio/locks.py", line 267, in wait
    await fut
asyncio.exceptions.CancelledError

The above exception was the direct cause of the following exception:

Traceback (most recent call last):
  File "/Users/nykolaymelnyk/PycharmProjects/portfolio/ReplyOptimizer/worker/worker.py", line 249, in imap_worker
    await client.wait_hello_from_server()
  File "/Users/nykolaymelnyk/PycharmProjects/portfolio/.venv/lib/python3.11/site-packages/aioimaplib/aioimaplib.py", line 727, in wait_hello_from_server
    await asyncio.wait_for(self.protocol.wait('AUTH|NONAUTH'), self.timeout)
  File "/Library/Frameworks/Python.framework/Versions/3.11/lib/python3.11/asyncio/tasks.py", line 502, in wait_for
    raise exceptions.TimeoutError() from exc
TimeoutError
2025-12-31 23:45:09,744 [INFO] reply_optimizer.session_4fe0e0d6-536f-48b7-a179-9710a9700295 | mailbox:- | thread:-: Datadog initialized
2025-12-31 23:45:19,792 [ERROR] reply_optimizer.session_4fe0e0d6-536f-48b7-a179-9710a9700295 | mailbox:somemail2@gmail.com | thread:-: IMAP error
Traceback (most recent call last):
  File "/Library/Frameworks/Python.framework/Versions/3.11/lib/python3.11/asyncio/tasks.py", line 500, in wait_for
    return fut.result()
           ^^^^^^^^^^^^
  File "/Users/nykolaymelnyk/PycharmProjects/portfolio/.venv/lib/python3.11/site-packages/aioimaplib/aioimaplib.py", line 626, in wait
    await self.state_condition.wait_for(lambda: state_re.match(self.state))
  File "/Library/Frameworks/Python.framework/Versions/3.11/lib/python3.11/asyncio/locks.py", line 294, in wait_for
    await self.wait()
  File "/Library/Frameworks/Python.framework/Versions/3.11/lib/python3.11/asyncio/locks.py", line 267, in wait
    await fut
asyncio.exceptions.CancelledError

The above exception was the direct cause of the following exception:

Traceback (most recent call last):
  File "/Users/nykolaymelnyk/PycharmProjects/portfolio/ReplyOptimizer/worker/worker.py", line 249, in imap_worker
    await client.wait_hello_from_server()
  File "/Users/nykolaymelnyk/PycharmProjects/portfolio/.venv/lib/python3.11/site-packages/aioimaplib/aioimaplib.py", line 727, in wait_hello_from_server
    await asyncio.wait_for(self.protocol.wait('AUTH|NONAUTH'), self.timeout)
  File "/Library/Frameworks/Python.framework/Versions/3.11/lib/python3.11/asyncio/tasks.py", line 502, in wait_for
    raise exceptions.TimeoutError() from exc
TimeoutError
2025-12-31 23:45:26,574 [INFO] reply_optimizer.session_4fe0e0d6-536f-48b7-a179-9710a9700295 | mailbox:- | thread:-: Datadog initialized
2025-12-31 23:45:36,602 [ERROR] reply_optimizer.session_4fe0e0d6-536f-48b7-a179-9710a9700295 | mailbox:somemail2@gmail.com | thread:-: IMAP error
Traceback (most recent call last):
  File "/Library/Frameworks/Python.framework/Versions/3.11/lib/python3.11/asyncio/tasks.py", line 500, in wait_for
    return fut.result()
           ^^^^^^^^^^^^
  File "/Users/nykolaymelnyk/PycharmProjects/portfolio/.venv/lib/python3.11/site-packages/aioimaplib/aioimaplib.py", line 626, in wait
    await self.state_condition.wait_for(lambda: state_re.match(self.state))
  File "/Library/Frameworks/Python.framework/Versions/3.11/lib/python3.11/asyncio/locks.py", line 294, in wait_for
    await self.wait()
  File "/Library/Frameworks/Python.framework/Versions/3.11/lib/python3.11/asyncio/locks.py", line 267, in wait
    await fut
asyncio.exceptions.CancelledError

The above exception was the direct cause of the following exception:

Traceback (most recent call last):
  File "/Users/nykolaymelnyk/PycharmProjects/portfolio/ReplyOptimizer/worker/worker.py", line 249, in imap_worker
    await client.wait_hello_from_server()
  File "/Users/nykolaymelnyk/PycharmProjects/portfolio/.venv/lib/python3.11/site-packages/aioimaplib/aioimaplib.py", line 727, in wait_hello_from_server
    await asyncio.wait_for(self.protocol.wait('AUTH|NONAUTH'), self.timeout)
  File "/Library/Frameworks/Python.framework/Versions/3.11/lib/python3.11/asyncio/tasks.py", line 502, in wait_for
    raise exceptions.TimeoutError() from exc
TimeoutError
2025-12-31 23:47:48,998 [INFO] reply_optimizer.session_4fe0e0d6-536f-48b7-a179-9710a9700295 | mailbox:- | thread:-: Datadog initialized
2025-12-31 23:47:59,030 [ERROR] reply_optimizer.session_4fe0e0d6-536f-48b7-a179-9710a9700295 | mailbox:somemail2@gmail.com | thread:-: IMAP error
Traceback (most recent call last):
  File "/Library/Frameworks/Python.framework/Versions/3.11/lib/python3.11/asyncio/tasks.py", line 500, in wait_for
    return fut.result()
           ^^^^^^^^^^^^
  File "/Users/nykolaymelnyk/PycharmProjects/portfolio/.venv/lib/python3.11/site-packages/aioimaplib/aioimaplib.py", line 626, in wait
    await self.state_condition.wait_for(lambda: state_re.match(self.state))
  File "/Library/Frameworks/Python.framework/Versions/3.11/lib/python3.11/asyncio/locks.py", line 294, in wait_for
    await self.wait()
  File "/Library/Frameworks/Python.framework/Versions/3.11/lib/python3.11/asyncio/locks.py", line 267, in wait
    await fut
asyncio.exceptions.CancelledError

The above exception was the direct cause of the following exception:

Traceback (most recent call last):
  File "/Users/nykolaymelnyk/PycharmProjects/portfolio/ReplyOptimizer/worker/worker.py", line 249, in imap_worker
    await client.wait_hello_from_server()
  File "/Users/nykolaymelnyk/PycharmProjects/portfolio/.venv/lib/python3.11/site-packages/aioimaplib/aioimaplib.py", line 727, in wait_hello_from_server
    await asyncio.wait_for(self.protocol.wait('AUTH|NONAUTH'), self.timeout)
  File "/Library/Frameworks/Python.framework/Versions/3.11/lib/python3.11/asyncio/tasks.py", line 502, in wait_for
    raise exceptions.TimeoutError() from exc
TimeoutError
2025-12-31 23:48:11,205 [INFO] reply_optimizer.session_4fe0e0d6-536f-48b7-a179-9710a9700295 | mailbox:- | thread:-: Datadog initialized
2025-12-31 23:48:21,231 [ERROR] reply_optimizer.session_4fe0e0d6-536f-48b7-a179-9710a9700295 | mailbox:someemail@gmail.com | thread:-: IMAP error
Traceback (most recent call last):
  File "/Library/Frameworks/Python.framework/Versions/3.11/lib/python3.11/asyncio/tasks.py", line 500, in wait_for
    return fut.result()
           ^^^^^^^^^^^^
  File "/Users/nykolaymelnyk/PycharmProjects/portfolio/.venv/lib/python3.11/site-packages/aioimaplib/aioimaplib.py", line 626, in wait
    await self.state_condition.wait_for(lambda: state_re.match(self.state))
  File "/Library/Frameworks/Python.framework/Versions/3.11/lib/python3.11/asyncio/locks.py", line 294, in wait_for
    await self.wait()
  File "/Library/Frameworks/Python.framework/Versions/3.11/lib/python3.11/asyncio/locks.py", line 267, in wait
    await fut
asyncio.exceptions.CancelledError

The above exception was the direct cause of the following exception:

Traceback (most recent call last):
  File "/Users/nykolaymelnyk/PycharmProjects/portfolio/ReplyOptimizer/worker/worker.py", line 249, in imap_worker
    await client.wait_hello_from_server()
  File "/Users/nykolaymelnyk/PycharmProjects/portfolio/.venv/lib/python3.11/site-packages/aioimaplib/aioimaplib.py", line 727, in wait_hello_from_server
    await asyncio.wait_for(self.protocol.wait('AUTH|NONAUTH'), self.timeout)
  File "/Library/Frameworks/Python.framework/Versions/3.11/lib/python3.11/asyncio/tasks.py", line 502, in wait_for
    raise exceptions.TimeoutError() from exc
TimeoutError
2025-12-31 23:48:30,579 [INFO] reply_optimizer.session_4fe0e0d6-536f-48b7-a179-9710a9700295 | mailbox:- | thread:-: Datadog initialized
2025-12-31 23:48:40,600 [ERROR] reply_optimizer.session_4fe0e0d6-536f-48b7-a179-9710a9700295 | mailbox:someemail@gmail.com | thread:-: IMAP error
Traceback (most recent call last):
  File "/Library/Frameworks/Python.framework/Versions/3.11/lib/python3.11/asyncio/tasks.py", line 500, in wait_for
    return fut.result()
           ^^^^^^^^^^^^
  File "/Users/nykolaymelnyk/PycharmProjects/portfolio/.venv/lib/python3.11/site-packages/aioimaplib/aioimaplib.py", line 626, in wait
    await self.state_condition.wait_for(lambda: state_re.match(self.state))
  File "/Library/Frameworks/Python.framework/Versions/3.11/lib/python3.11/asyncio/locks.py", line 294, in wait_for
    await self.wait()
  File "/Library/Frameworks/Python.framework/Versions/3.11/lib/python3.11/asyncio/locks.py", line 267, in wait
    await fut
asyncio.exceptions.CancelledError

The above exception was the direct cause of the following exception:

Traceback (most recent call last):
  File "/Users/nykolaymelnyk/PycharmProjects/portfolio/ReplyOptimizer/worker/worker.py", line 249, in imap_worker
    await client.wait_hello_from_server()
  File "/Users/nykolaymelnyk/PycharmProjects/portfolio/.venv/lib/python3.11/site-packages/aioimaplib/aioimaplib.py", line 727, in wait_hello_from_server
    await asyncio.wait_for(self.protocol.wait('AUTH|NONAUTH'), self.timeout)
  File "/Library/Frameworks/Python.framework/Versions/3.11/lib/python3.11/asyncio/tasks.py", line 502, in wait_for
    raise exceptions.TimeoutError() from exc
TimeoutError
2025-12-31 23:49:08,209 [INFO] reply_optimizer.session_4fe0e0d6-536f-48b7-a179-9710a9700295 | mailbox:- | thread:-: Datadog initialized
2025-12-31 23:49:18,228 [ERROR] reply_optimizer.session_4fe0e0d6-536f-48b7-a179-9710a9700295 | mailbox:someemail@gmail.com | thread:-: IMAP error
Traceback (most recent call last):
  File "/Library/Frameworks/Python.framework/Versions/3.11/lib/python3.11/asyncio/tasks.py", line 500, in wait_for
    return fut.result()
           ^^^^^^^^^^^^
  File "/Users/nykolaymelnyk/PycharmProjects/portfolio/.venv/lib/python3.11/site-packages/aioimaplib/aioimaplib.py", line 626, in wait
    await self.state_condition.wait_for(lambda: state_re.match(self.state))
  File "/Library/Frameworks/Python.framework/Versions/3.11/lib/python3.11/asyncio/locks.py", line 294, in wait_for
    await self.wait()
  File "/Library/Frameworks/Python.framework/Versions/3.11/lib/python3.11/asyncio/locks.py", line 267, in wait
    await fut
asyncio.exceptions.CancelledError

The above exception was the direct cause of the following exception:

Traceback (most recent call last):
  File "/Users/nykolaymelnyk/PycharmProjects/portfolio/ReplyOptimizer/worker/worker.py", line 249, in imap_worker
    await client.wait_hello_from_server()
  File "/Users/nykolaymelnyk/PycharmProjects/portfolio/.venv/lib/python3.11/site-packages/aioimaplib/aioimaplib.py", line 727, in wait_hello_from_server
    await asyncio.wait_for(self.protocol.wait('AUTH|NONAUTH'), self.timeout)
  File "/Library/Frameworks/Python.framework/Versions/3.11/lib/python3.11/asyncio/tasks.py", line 502, in wait_for
    raise exceptions.TimeoutError() from exc
TimeoutError
2025-12-31 23:49:42,294 [INFO] reply_optimizer.session_4fe0e0d6-536f-48b7-a179-9710a9700295 | mailbox:- | thread:-: Datadog initialized
2025-12-31 23:49:50,655 [INFO] reply_optimizer.session_4fe0e0d6-536f-48b7-a179-9710a9700295 | mailbox:- | thread:-: Datadog initialized
2025-12-31 23:50:00,680 [ERROR] reply_optimizer.session_4fe0e0d6-536f-48b7-a179-9710a9700295 | mailbox:someemail@gmail.com | thread:-: IMAP error
Traceback (most recent call last):
  File "/Library/Frameworks/Python.framework/Versions/3.11/lib/python3.11/asyncio/tasks.py", line 500, in wait_for
    return fut.result()
           ^^^^^^^^^^^^
  File "/Users/nykolaymelnyk/PycharmProjects/portfolio/.venv/lib/python3.11/site-packages/aioimaplib/aioimaplib.py", line 626, in wait
    await self.state_condition.wait_for(lambda: state_re.match(self.state))
  File "/Library/Frameworks/Python.framework/Versions/3.11/lib/python3.11/asyncio/locks.py", line 294, in wait_for
    await self.wait()
  File "/Library/Frameworks/Python.framework/Versions/3.11/lib/python3.11/asyncio/locks.py", line 267, in wait
    await fut
asyncio.exceptions.CancelledError

The above exception was the direct cause of the following exception:

Traceback (most recent call last):
  File "/Users/nykolaymelnyk/PycharmProjects/portfolio/ReplyOptimizer/worker/worker.py", line 249, in imap_worker
    await client.wait_hello_from_server()
  File "/Users/nykolaymelnyk/PycharmProjects/portfolio/.venv/lib/python3.11/site-packages/aioimaplib/aioimaplib.py", line 727, in wait_hello_from_server
    await asyncio.wait_for(self.protocol.wait('AUTH|NONAUTH'), self.timeout)
  File "/Library/Frameworks/Python.framework/Versions/3.11/lib/python3.11/asyncio/tasks.py", line 502, in wait_for
    raise exceptions.TimeoutError() from exc
TimeoutError
2025-12-31 23:50:28,339 [INFO] reply_optimizer.session_4fe0e0d6-536f-48b7-a179-9710a9700295 | mailbox:- | thread:-: Datadog initialized
2025-12-31 23:50:38,357 [ERROR] reply_optimizer.session_4fe0e0d6-536f-48b7-a179-9710a9700295 | mailbox:someemail@gmail.com | thread:-: IMAP error
Traceback (most recent call last):
  File "/Library/Frameworks/Python.framework/Versions/3.11/lib/python3.11/asyncio/tasks.py", line 500, in wait_for
    return fut.result()
           ^^^^^^^^^^^^
  File "/Users/nykolaymelnyk/PycharmProjects/portfolio/.venv/lib/python3.11/site-packages/aioimaplib/aioimaplib.py", line 626, in wait
    await self.state_condition.wait_for(lambda: state_re.match(self.state))
  File "/Library/Frameworks/Python.framework/Versions/3.11/lib/python3.11/asyncio/locks.py", line 294, in wait_for
    await self.wait()
  File "/Library/Frameworks/Python.framework/Versions/3.11/lib/python3.11/asyncio/locks.py", line 267, in wait
    await fut
asyncio.exceptions.CancelledError

The above exception was the direct cause of the following exception:

Traceback (most recent call last):
  File "/Users/nykolaymelnyk/PycharmProjects/portfolio/ReplyOptimizer/worker/worker.py", line 249, in imap_worker
    await client.wait_hello_from_server()
  File "/Users/nykolaymelnyk/PycharmProjects/portfolio/.venv/lib/python3.11/site-packages/aioimaplib/aioimaplib.py", line 727, in wait_hello_from_server
    await asyncio.wait_for(self.protocol.wait('AUTH|NONAUTH'), self.timeout)
  File "/Library/Frameworks/Python.framework/Versions/3.11/lib/python3.11/asyncio/tasks.py", line 502, in wait_for
    raise exceptions.TimeoutError() from exc
TimeoutError
2025-12-31 23:54:52,549 [INFO] reply_optimizer.session_4fe0e0d6-536f-48b7-a179-9710a9700295 | mailbox:- | thread:-: Datadog initialized
2025-12-31 23:55:02,645 [ERROR] reply_optimizer.session_4fe0e0d6-536f-48b7-a179-9710a9700295 | mailbox:somemail2@gmail.com | thread:-: IMAP error
Traceback (most recent call last):
  File "/Library/Frameworks/Python.framework/Versions/3.11/lib/python3.11/asyncio/tasks.py", line 500, in wait_for
    return fut.result()
           ^^^^^^^^^^^^
  File "/Users/nykolaymelnyk/PycharmProjects/portfolio/.venv/lib/python3.11/site-packages/aioimaplib/aioimaplib.py", line 626, in wait
    await self.state_condition.wait_for(lambda: state_re.match(self.state))
  File "/Library/Frameworks/Python.framework/Versions/3.11/lib/python3.11/asyncio/locks.py", line 294, in wait_for
    await self.wait()
  File "/Library/Frameworks/Python.framework/Versions/3.11/lib/python3.11/asyncio/locks.py", line 267, in wait
    await fut
asyncio.exceptions.CancelledError

The above exception was the direct cause of the following exception:

Traceback (most recent call last):
  File "/Users/nykolaymelnyk/PycharmProjects/portfolio/ReplyOptimizer/worker/worker.py", line 249, in imap_worker
    await client.wait_hello_from_server()
  File "/Users/nykolaymelnyk/PycharmProjects/portfolio/.venv/lib/python3.11/site-packages/aioimaplib/aioimaplib.py", line 727, in wait_hello_from_server
    await asyncio.wait_for(self.protocol.wait('AUTH|NONAUTH'), self.timeout)
  File "/Library/Frameworks/Python.framework/Versions/3.11/lib/python3.11/asyncio/tasks.py", line 502, in wait_for
    raise exceptions.TimeoutError() from exc
TimeoutError
